-1 996.989000 "" 0.1 1 0
-1 996.992000 "" 0.1 1 0
-1 996.998000 "" 0.1 1 0
-1 997.003000 "" 0.1 1 0
-1 997.010000 "" 0.1 1 0
-1 999.505000 "" 0.1 1 0
-1 999.510000 "" 0.1 1 0
-1 999.515000 "" 0.1 1 0
-1 999.523000 "" 0.1 1 0
-1 999.527000 "" 0.1 1 0
-1 1002.009000 "" 0.1 1 0
-1 1002.014000 "" 0.1 1 0
-1 1002.018000 "" 0.1 1 0
-1 1002.023000 "" 0.1 1 0
-1 1002.028000 "" 0.1 1 0
-1 1004.529000 "" 0.1 1 0
-1 1004.534000 "" 0.1 1 0
-1 1004.538000 "" 0.1 1 0
-1 1004.546000 "" 0.1 1 0
-1 1004.548000 "" 0.1 1 0
-1 1007.043000 "" 0.1 1 0
-1 1007.048000 "" 0.1 1 0
-1 1007.054000 "" 0.1 1 0
-1 1007.062000 "" 0.1 1 0
-1 1007.065000 "" 0.1 1 0
-1 1009.567000 "" 0.1 1 0
-1 1009.572000 "" 0.1 1 0
-1 1009.578000 "" 0.1 1 0
-1 1009.582000 "" 0.1 1 0
-1 1009.586000 "" 0.1 1 0
